1) START of the TEST on 2.1.9 debug:14.08.2014 15:06:04
 1.1) The argument 1 is:  "F:\Baustelle\Projekte PG5 2.1\MM_Leoben_23.09.13\B5_Leob_KLT\WEB-Server.wsp"
 1.1) The argument 2 is:  /PG5=21310
 1.1) The argument 3 is:  /APPSDIR="C:\Program Files (x86)\SBC\PG5 V2.1.310"
 1.2) The PG version is :  21310
 1.3) The project file name and path is :  F:\Baustelle\Projekte PG5 2.1\MM_Leoben_23.09.13\B5_Leob_KLT\WEB-Server.wsp
2) Reg PG5 path:SOFTWARE\SBC\PG5\
 3.) Find version of PG5 in reg:2.1
 3.1) The versionj number can be translated in number ?:YES
 3.11) Version string converted in float is:2,1
 3.12) Version is higher than preceding, check path:SOFTWARE\SBC\PG5\2.1\Global\
 3.2) Version found is a valid PG5 software, was looking for entry:AppsDir
  4.) Latest PG5 found, reg path is:SOFTWARE\SBC\PG5\2.1\Global\
  4.2) PG5 reg path opened, value taken from it:  C:\Program Files (x86)\SBC\PG5 V2.1.310\
   5.) LICENSE CHECK, PG5 regt found, path disk is:  C:\Program Files (x86)\SBC\PG5 V2.1.310\
   5.1)Current dir is :  F:\Baustelle\Projekte PG5 2.1\MM_Leoben_23.09.13\B5_Leob_KLT
   5.11)Changed drive :  C:\Program Files (x86)\SBC\PG5 V2.1.310\
   5.12)Changed directory:  C:\Program Files (x86)\SBC\PG5 V2.1.310\
   5.2)function IsAppAllowedToRunEx returned:   Wahr
******) Start make DBX to file :WEB-Server.wsr
*****) number of file in the project :2
  file name: F:\Baustelle\Projekte PG5 2.1\MM_Leoben_23.09.13\B5_Leob_KLT\html\SWEBPanel.tcr
  file size: 63173
  file name: F:\Baustelle\Projekte PG5 2.1\MM_Leoben_23.09.13\B5_Leob_KLT\html\Tableau.tcr
  file size: 2096
******) new file length :63173
******) new file length :2096
*******) The file is an html file :Wahr
*******) The file is an html file :Wahr

******) Start make DBX to file :WEB-Server.wsr
*****) number of file in the project :2
  file name: F:\Baustelle\Projekte PG5 2.1\MM_Leoben_23.09.13\B5_Leob_KLT\html\SWEBPanel.tcr
  file size: 63173
  file name: F:\Baustelle\Projekte PG5 2.1\MM_Leoben_23.09.13\B5_Leob_KLT\html\Tableau.tcr
  file size: 2096
******) new file length :63173
******) new file length :2096
 Open File F:\Baustelle\Projekte PG5 2.1\MM_Leoben_23.09.13\B5_Leob_KLT\html\SWEBPanel.tcr     File Size = 63173
*******) The file is an html file :Wahr
Media Syntax expected. List of Media Id accepted {I,O,F,E,L,R,C,T,TEXT,X,S,DB}
Symbol_parse Read: PRODUCT
Tag Read: PDP,,PRODUCT,s

Media Syntax not valid. List of Media Id accepted {I,O,F,E,L,R,C,T,TEXT,X,S,DB}
Symbol_parse Read: STATE
Tag Read: PDP,,STATE,s

 Open File F:\Baustelle\Projekte PG5 2.1\MM_Leoben_23.09.13\B5_Leob_KLT\html\Tableau.tcr     File Size = 2096
*******) The file is an html file :Wahr
