0-0                                                     $include "_PASPE_2.inc"
                                                        (C:\max\111\PASPE_2\PASPE_2\_PASPE_2.inc)
1-1                                                1    ;Generated by Saia Project Manager
1-107                                              1    
0-1                                                     ;Generated by Saia Project Manager
0-2                                                     
0-3                                                     ;Device Configurator definitions
0-4                                                     $INCLUDE "__PASPE_2.src"
                                                        (C:\max\111\PASPE_2\PASPE_2\__PASPE_2.src)
3-1                                                1    ; Generated by the Device Configurator
3-2                                                1    
3-3                                                1    ;Open Data Mode initialization
3-4                                                1    $use _sodm_use, InitODM.src
3-5                                                1    
0-5                                                     
0-6                                -1                   __LAST_VOLATILE_FLAG__ EQU -1              ;There are no volatile flags
0-7                                                     PUBL __LAST_VOLATILE_FLAG__
0-8                                0                    __FIRST_NON_VOLATILE_FLAG__ EQU 0          ;Flags from F 0 are nonvolatile
0-9                                                     PUBL __FIRST_NON_VOLATILE_FLAG__
0-10                                                    
0-11                                                    $GROUP __DYNAMICS__
0-12                           C   1000..1599           $AUTO C 1000[600]
0-13                               1000                 __FIRST_COUNTER__ EQU 1000
0-14                               1599                 __LAST_COUNTER__  EQU 1599
0-15                                                    PUBL __FIRST_COUNTER__, __LAST_COUNTER__
0-16                           T   10..999              $AUTO T 10[990]
0-17                               10                   __FIRST_TIMER__ EQU 10
0-18                               999                  __LAST_TIMER__  EQU 999
0-19                                                    PUBL __FIRST_TIMER__, __LAST_TIMER__
0-20                           R   500..16383           $AUTO R 500[15884]
0-21                               500                  __FIRST_REGISTER__ EQU 500
0-22                               16383                __LAST_REGISTER__  EQU 16383
0-23                                                    PUBL __FIRST_REGISTER__, __LAST_REGISTER__
0-24                           F   10..16383            $AUTO F 10[16374]
0-25                               10                   __FIRST_FLAG__ EQU 10
0-26                               16383                __LAST_FLAG__  EQU 16383
0-27                                                    PUBL __FIRST_FLAG__, __LAST_FLAG__
0-28                          TEXT 3300..3499           $AUTO TEXT 3300[200]
0-29                               3300                 __FIRST_TEXT__ EQU 3300
0-30                               3499                 __LAST_TEXT__  EQU 3499
0-31                                                    PUBL __FIRST_TEXT__, __LAST_TEXT__
0-32                           DB  3500..3999           $AUTO DB 3500[500]
0-33                               3500                 __FIRST_DB__ EQU 3500
0-34                               3999                 __LAST_DB__  EQU 3999
0-35                                                    PUBL __FIRST_DB__, __LAST_DB__
0-36                          TEXT 7800..7999           $AUTO RAM TEXT 7800[200]
0-37                               7800                 __FIRST_RAM_TEXT__ EQU 7800
0-38                               7999                 __LAST_RAM_TEXT__  EQU 7999
0-39                                                    PUBL __FIRST_RAM_TEXT__, __LAST_RAM_TEXT__
0-40                           DB  8000..8191           $AUTO RAM DB 8000[192]
0-41                               8000                 __FIRST_RAM_DB__ EQU 8000
0-42                               8191                 __LAST_RAM_DB__  EQU 8191
0-43                                                    PUBL __FIRST_RAM_DB__, __LAST_RAM_DB__
0-44                                                    $ENDGROUP __DYNAMICS__
0-45                                                    
0-46                               16383                __Saia_Sfup__.MaxFlag PEQU __MAXFLAG__ ;For Fupla probes
0-47                                                    
0-48                                                    ;Code for startup XOB 16
0-49                                                    $INIT
0-50            ?0      DEFTC      1000                   DEFTC __LAST_TIMER__+1            ;Defines number of timers
0-51            ?1      DEFTB      10                     DEFTB __TIME_BASE__/10            ;Prohibit user from changing default
0-52                                                    
0-53                                                      ;Timer timebase management
0-54                           F   0                A     __TIME_CONVERT__  EQU F           ;H=convert time, L=don't convert
0-55                           F   0                A     __TIME_MULTIPLY__ EQU F           ;H=multiply time, L=divide
0-56                                                      PUBL __TIME_CONVERT__, __TIME_MULTIPLY__
0-57                                                    
0-58            ?2      ACC    H                          ACC H
0-59                                                    $if __TIME_BASE__ > 100
0-60                                                  *   SET __TIME_CONVERT__
0-61                                                  *   RES __TIME_MULTIPLY__
0-62                                                  *   __TIME_MULFACT__ EQU 1
0-63                                                  *   __TIME_DIVFACT__ EQU __TIME_BASE__/100
0-64                                                  * $elseif __TIME_BASE__=100
0-65            ?3      RES    F   0                A     RES __TIME_CONVERT__
0-66            ?4      RES    F   0                A     RES __TIME_MULTIPLY__
0-67                               1                      __TIME_MULFACT__ EQU 1
0-68                               1                      __TIME_DIVFACT__ EQU 1
0-69                                                    $elseif __TIME_BASE__ < 100
0-70                                                  *   SET __TIME_CONVERT__
0-71                                                  *   SET __TIME_MULTIPLY__
0-72                                                  *   __TIME_MULFACT__ EQU 100/__TIME_BASE__
0-73                                                  *   __TIME_DIVFACT__ EQU 1
0-74                                                  * $endif
0-75                               100                    __TIME_BASE_EXTN__ EQU __TIME_BASE__
0-76                                                      PUBL __TIME_MULFACT__, __TIME_DIVFACT__, __TIME_BASE_EXTN__, __LAST_TIMER__
0-77                                                    $ENDINIT
0-78                                                    
0-79                                                    ;Unique program identifier
0-80                           DB  0                A   __PCD_UID__ EQU DB                  ;Unique program identifier
0-81                                                    PUBL __PCD_UID__
0-82                           DB  0                A   DB __PCD_UID__ [2] 0B9E69367H, 0E2BFD662H
0-83                                                    
0-84                                                    ;Old Program Information DBX, retained for compatibility
0-85                           DBX 9                    DBX 9          ;DBX_PROGRAM_INFO
0-86                                                    ;Header
0-87                                                    @2: 18         ;record size in bytes
0-88                                                    @1: 0          ;record type 0
0-89                                                    @1: 0          ;padding
0-90                                                    @14: "PROGRAM.INFO"
0-91                                                    ;$PCDTYPE data
0-92                                                    @2: 8          ;record size in bytes
0-93                                                    @1: 2          ;record type 2
0-94                                                    @1: 0          ;padding
0-95                                                    @2: 1          ;number of PCD types
0-96                                                    @2: S.CPU.PcdType
0-97                                                    ;Program Name
0-98                                                    @2: 12         ;record size in bytes
0-99                                                    @1: 3          ;record type 3
0-100                                                   @1: 0          ;padding
0-101                                                   @8: "PASPE_2"
0-102                                                   ;Program's CRC-32
0-103                                                   @2: 8          ;record size in bytes
0-104                                                   @1: 4          ;record type 4
0-105                                                   @1: 0          ;padding
0-106                                                   @4: 0a55ac33ch ;CRC-32
0-107                                                   EDBX
0-108                                                   
0-109                                                   ;Program Information DBX
0-110                          DBX 6                    DBX 6          ;DBX_REGISTRY
0-111                                                   @0: "[Program]<LF>"
0-112                                                   @0: "PG5Licensee=Renergie<LF>"
0-113                                                   @0: "PG5DeveloperID=DE_GuSt1175         <LF>"
0-114                                                   @0: "Originator=Renergie<LF>"
0-115                                                   @0: "PG5Version=V2.1.410            <LF>"
0-116                                                   @0: "ProjectName=PASPE<LF>"
0-117                                                   @0: "DeviceName=PASPE_2<LF>"
0-118                                                   @0: "PcdType=PCD3.M5340<LF>"
0-119                                                   @0: "ProgramVersion=1.0                 <LF>"
0-120                                                   @0: "ProgramID=E2BFD662B9E69367<LF>"
0-121                                                   @0: "ProgramCRC=00000000<LF>"
0-122                                                   @0: "BuildDateTime=2018/09/06 17:54:39<LF>"
0-123                                                   @0: "DownloadDateTime=                   <LF>"
0-124                                                   @1: 0 ;NUL terminator
0-125                                                   EDBX
0-126                                                   


FILE NUMBERS AND NAMES

NO.  FILE NAME
0    C:\max\111\PASPE_2\PASPE_2\_PASPE_2.src
1    C:\max\111\PASPE_2\PASPE_2\_PASPE_2.inc
2    C:\max\111\PASPE_2\PASPE_2\__PASPE_2.inc
3    C:\max\111\PASPE_2\PASPE_2\__PASPE_2.src

Assembly complete, 0 warnings, 0 errors
